<?xml version="1.0" encoding="UTF-8"?>
<coverage generated="1513009407">
  <project timestamp="1513009407">
    <package name="Informations">
      <file name="C:\wamp64\www\Informations\src/AnnotationException.php">
        <class name="AnnotationException" namespace="Informations">
          <metrics complexity="4" methods="1" coveredmethods="1" conditionals="0" coveredconditionals="0" statements="16" coveredstatements="16" elements="17" coveredelements="17"/>
        </class>
        <line num="11" type="method" name="__construct" visibility="public" complexity="4" crap="4" count="11"/>
        <line num="12" type="stmt" count="11"/>
        <line num="13" type="stmt" count="11"/>
        <line num="15" type="stmt" count="11"/>
        <line num="16" type="stmt" count="11"/>
        <line num="17" type="stmt" count="3"/>
        <line num="18" type="stmt" count="3"/>
        <line num="19" type="stmt" count="3"/>
        <line num="21" type="stmt" count="8"/>
        <line num="22" type="stmt" count="7"/>
        <line num="23" type="stmt" count="7"/>
        <line num="24" type="stmt" count="7"/>
        <line num="26" type="stmt" count="1"/>
        <line num="27" type="stmt" count="1"/>
        <line num="28" type="stmt" count="1"/>
        <line num="29" type="stmt" count="1"/>
        <line num="33" type="stmt" count="11"/>
        <metrics loc="34" ncloc="32" classes="1" methods="1" coveredmethods="1" conditionals="0" coveredconditionals="0" statements="16" coveredstatements="16" elements="17" coveredelements="17"/>
      </file>
      <file name="C:\wamp64\www\Informations\src/Annotations.php">
        <class name="Annotations" namespace="Informations">
          <metrics complexity="0" methods="0" coveredmethods="0" conditionals="0" coveredconditionals="0" statements="0" coveredstatements="0" elements="0" coveredelements="0"/>
        </class>
        <metrics loc="6" ncloc="6" classes="0" methods="0" coveredmethods="0" conditionals="0" coveredconditionals="0" statements="0" coveredstatements="0" elements="0" coveredelements="0"/>
      </file>
      <file name="C:\wamp64\www\Informations\src/ClassAnnotations.php">
        <class name="ClassAnnotations" namespace="Informations">
          <metrics complexity="2" methods="0" coveredmethods="0" conditionals="0" coveredconditionals="0" statements="0" coveredstatements="0" elements="0" coveredelements="0"/>
        </class>
        <metrics loc="14" ncloc="12" classes="0" methods="0" coveredmethods="0" conditionals="0" coveredconditionals="0" statements="0" coveredstatements="0" elements="0" coveredelements="0"/>
      </file>
      <file name="C:\wamp64\www\Informations\src/InformationsClass.php">
        <class name="InformationsClass" namespace="Informations">
          <metrics complexity="27" methods="5" coveredmethods="5" conditionals="0" coveredconditionals="0" statements="69" coveredstatements="69" elements="74" coveredelements="74"/>
        </class>
        <line num="33" type="method" name="__construct" visibility="public" complexity="13" crap="13" count="8"/>
        <line num="34" type="stmt" count="8"/>
        <line num="35" type="stmt" count="8"/>
        <line num="36" type="stmt" count="8"/>
        <line num="37" type="stmt" count="8"/>
        <line num="38" type="stmt" count="8"/>
        <line num="40" type="stmt" count="8"/>
        <line num="43" type="stmt" count="8"/>
        <line num="44" type="stmt" count="4"/>
        <line num="45" type="stmt" count="3"/>
        <line num="48" type="stmt" count="1"/>
        <line num="50" type="stmt" count="1"/>
        <line num="51" type="stmt" count="1"/>
        <line num="52" type="stmt" count="1"/>
        <line num="54" type="stmt" count="1"/>
        <line num="55" type="stmt" count="1"/>
        <line num="59" type="stmt" count="8"/>
        <line num="60" type="stmt" count="3"/>
        <line num="62" type="stmt" count="5"/>
        <line num="63" type="stmt" count="5"/>
        <line num="64" type="stmt" count="1"/>
        <line num="66" type="stmt" count="1"/>
        <line num="67" type="stmt" count="1"/>
        <line num="68" type="stmt" count="1"/>
        <line num="69" type="stmt" count="1"/>
        <line num="72" type="stmt" count="1"/>
        <line num="73" type="stmt" count="1"/>
        <line num="77" type="stmt" count="5"/>
        <line num="78" type="stmt" count="1"/>
        <line num="80" type="stmt" count="4"/>
        <line num="81" type="stmt" count="4"/>
        <line num="82" type="stmt" count="1"/>
        <line num="84" type="stmt" count="1"/>
        <line num="85" type="stmt" count="1"/>
        <line num="86" type="stmt" count="1"/>
        <line num="87" type="stmt" count="1"/>
        <line num="90" type="stmt" count="1"/>
        <line num="91" type="stmt" count="1"/>
        <line num="93" type="stmt" count="4"/>
        <line num="96" type="method" name="parse" visibility="private" complexity="5" crap="5" count="1"/>
        <line num="97" type="stmt" count="1"/>
        <line num="98" type="stmt" count="1"/>
        <line num="99" type="stmt" count="1"/>
        <line num="100" type="stmt" count="1"/>
        <line num="101" type="stmt" count="1"/>
        <line num="103" type="stmt" count="1"/>
        <line num="104" type="stmt" count="1"/>
        <line num="106" type="stmt" count="1"/>
        <line num="107" type="stmt" count="1"/>
        <line num="110" type="stmt" count="1"/>
        <line num="112" type="method" name="setPropertyAnnotationsClass" visibility="public" complexity="3" crap="3" count="6"/>
        <line num="113" type="stmt" count="6"/>
        <line num="114" type="stmt" count="6"/>
        <line num="116" type="stmt" count="6"/>
        <line num="117" type="stmt" count="1"/>
        <line num="119" type="stmt" count="5"/>
        <line num="120" type="stmt" count="5"/>
        <line num="121" type="stmt" count="5"/>
        <line num="122" type="method" name="setMethodAnnotationsClass" visibility="public" complexity="3" crap="3" count="6"/>
        <line num="123" type="stmt" count="6"/>
        <line num="124" type="stmt" count="6"/>
        <line num="126" type="stmt" count="6"/>
        <line num="127" type="stmt" count="1"/>
        <line num="129" type="stmt" count="5"/>
        <line num="130" type="stmt" count="5"/>
        <line num="131" type="stmt" count="5"/>
        <line num="132" type="method" name="setClassAnnotationsClass" visibility="public" complexity="3" crap="3" count="3"/>
        <line num="133" type="stmt" count="3"/>
        <line num="134" type="stmt" count="3"/>
        <line num="136" type="stmt" count="3"/>
        <line num="137" type="stmt" count="1"/>
        <line num="139" type="stmt" count="2"/>
        <line num="140" type="stmt" count="2"/>
        <line num="141" type="stmt" count="2"/>
        <metrics loc="142" ncloc="142" classes="1" methods="5" coveredmethods="5" conditionals="0" coveredconditionals="0" statements="69" coveredstatements="69" elements="74" coveredelements="74"/>
      </file>
      <file name="C:\wamp64\www\Informations\src/MethodAnnotations.php">
        <class name="MethodAnnotations" namespace="Informations">
          <metrics complexity="0" methods="0" coveredmethods="0" conditionals="0" coveredconditionals="0" statements="0" coveredstatements="0" elements="0" coveredelements="0"/>
        </class>
        <metrics loc="8" ncloc="8" classes="0" methods="0" coveredmethods="0" conditionals="0" coveredconditionals="0" statements="0" coveredstatements="0" elements="0" coveredelements="0"/>
      </file>
      <file name="C:\wamp64\www\Informations\src/PropertyAnnotations.php">
        <class name="PropertyAnnotations" namespace="Informations">
          <metrics complexity="18" methods="0" coveredmethods="0" conditionals="0" coveredconditionals="0" statements="0" coveredstatements="0" elements="0" coveredelements="0"/>
        </class>
        <metrics loc="46" ncloc="38" classes="0" methods="0" coveredmethods="0" conditionals="0" coveredconditionals="0" statements="0" coveredstatements="0" elements="0" coveredelements="0"/>
      </file>
    </package>
    <metrics files="6" loc="250" ncloc="238" classes="2" methods="6" coveredmethods="6" conditionals="0" coveredconditionals="0" statements="85" coveredstatements="85" elements="91" coveredelements="91"/>
  </project>
</coverage>
